#
# A fatal error has been detected by the Java Runtime Environment:
#
#  EXCEPTION_ACCESS_VIOLATION (0xc0000005) at pc=0x00000000706cf481, pid=10208, tid=0x0000000000000424
#
# JRE version: Java(TM) SE Runtime Environment (8.0_181-b13) (build 1.8.0_181-b13)
# Java VM: Java HotSpot(TM) 64-Bit Server VM (25.181-b13 mixed mode windows-amd64 compressed oops)
# Problematic frame:
# C  [atio6axx.dll+0x19ef481]
#
# Failed to write core dump. Minidumps are not enabled by default on client versions of Windows
#
# If you would like to submit a bug report, please visit:
#   http://bugreport.java.com/bugreport/crash.jsp
# The crash happened outside the Java Virtual Machine in native code.
# See problematic frame for where to report the bug.
#

---------------  T H R E A D  ---------------

Current thread (0x0000000002d1e000):  JavaThread "main" [_thread_in_native, id=1060, stack(0x0000000002c00000,0x0000000002d00000)]

siginfo: ExceptionCode=0xc0000005, reading address 0x0000000000000030

Registers:
RAX=0x000000001c1b3390, RBX=0x0000000020579f78, RCX=0x000000001c15c750, RDX=0x0000000020573ee0
RSP=0x0000000002cff260, RBP=0x0000000000000003, RSI=0x0000000000000000, RDI=0x0000000000000000
R8 =0x0000000000000001, R9 =0x0000000020579f78, R10=0x00000000706cf3b0, R11=0x000000006d59c6a0
R12=0x0000000000000001, R13=0x0000000020573ee0, R14=0x000000001bf16010, R15=0x0000000000000000
RIP=0x00000000706cf481, EFLAGS=0x0000000000010202

Top of Stack: (sp=0x0000000002cff260)
0x0000000002cff260:   0000000002cff1c0 0000000000000000
0x0000000002cff270:   0000000000000000 0000000000000000
0x0000000002cff280:   00000000ffffffff 0000000000000000
0x0000000002cff290:   000000001bf16010 0000000020573ee0
0x0000000002cff2a0:   0000000000000000 000000007070f7bd
0x0000000002cff2b0:   000000001b5fec10 0000000002cff349
0x0000000002cff2c0:   0000000000000001 0000000002e812a0
0x0000000002cff2d0:   000000001c1b3390 0000000000000001
0x0000000002cff2e0:   0000000002cff300 0000000000000000
0x0000000002cff2f0:   0000000000000000 0000000000000000
0x0000000002cff300:   0000000020573ee0 0000000000000000
0x0000000002cff310:   0000000020573ee0 0000000020573ee0
0x0000000002cff320:   0000000000000000 0000000000000000
0x0000000002cff330:   0000000002cff300 0000000000000000
0x0000000002cff340:   0000000000000000 00007fff887ae400
0x0000000002cff350:   0000000002d1e000 0000000002d1e000 

Instructions: (pc=0x00000000706cf481)
0x00000000706cf461:   48 8b fe 44 8b 7b 58 0f b6 ab b3 00 00 00 48 8b
0x00000000706cf471:   44 24 70 ff cd 41 03 ef 80 7c 24 60 00 48 8b 08
0x00000000706cf481:   8b 47 30 89 41 30 8b 47 34 89 41 34 8b 47 38 89
0x00000000706cf491:   41 38 8b 47 3c 89 41 3c 8b 47 20 89 41 20 8b 47 


Register to memory mapping:

RAX=0x000000001c1b3390 is an unknown value
RBX=0x0000000020579f78 is an unknown value
RCX=0x000000001c15c750 is an unknown value
RDX=0x0000000020573ee0 is an unknown value
RSP=0x0000000002cff260 is pointing into the stack for thread: 0x0000000002d1e000
RBP=0x0000000000000003 is an unknown value
RSI=0x0000000000000000 is an unknown value
RDI=0x0000000000000000 is an unknown value
R8 =0x0000000000000001 is an unknown value
R9 =0x0000000020579f78 is an unknown value
R10=0x00000000706cf3b0 is an unknown value
R11=0x000000006d59c6a0 is an unknown value
R12=0x0000000000000001 is an unknown value
R13=0x0000000020573ee0 is an unknown value
R14=0x000000001bf16010 is an unknown value
R15=0x0000000000000000 is an unknown value


Stack: [0x0000000002c00000,0x0000000002d00000],  sp=0x0000000002cff260,  free space=1020k
Native frames: (J=compiled Java code, j=interpreted, Vv=VM code, C=native code)
C  [atio6axx.dll+0x19ef481]
C  [atio6axx.dll+0x1a2f7bd]
C  [atio6axx.dll+0x1ab6bbe]
C  [atio6axx.dll+0x91ab74]
C  0x0000000002e38627

Java frames: (J=compiled Java code, j=interpreted, Vv=VM code)
j  org.lwjgl.opengl.GL20C.nglUniformMatrix4fv(IIZJ)V+0
j  org.lwjgl.opengl.GL20C.glUniformMatrix4fv(IZLjava/nio/FloatBuffer;)V+12
j  org.lwjgl.opengl.GL20.glUniformMatrix4fv(IZLjava/nio/FloatBuffer;)V+3
j  render.Display.loop()V+437
j  render.Display.run()V+29
j  render.Display.main([Ljava/lang/String;)V+7
v  ~StubRoutines::call_stub

---------------  P R O C E S S  ---------------

Java Threads: ( => current thread )
  0x00000000193a0800 JavaThread "Service Thread" daemon [_thread_blocked, id=1072, stack(0x0000000019770000,0x0000000019870000)]
  0x00000000179f2800 JavaThread "C1 CompilerThread2" daemon [_thread_blocked, id=7420, stack(0x0000000019270000,0x0000000019370000)]
  0x00000000179f1000 JavaThread "C2 CompilerThread1" daemon [_thread_blocked, id=8228, stack(0x0000000019170000,0x0000000019270000)]
  0x00000000179ec800 JavaThread "C2 CompilerThread0" daemon [_thread_blocked, id=3052, stack(0x0000000019070000,0x0000000019170000)]
  0x00000000179eb000 JavaThread "Attach Listener" daemon [_thread_blocked, id=2000, stack(0x0000000018f70000,0x0000000019070000)]
  0x00000000179e9800 JavaThread "Signal Dispatcher" daemon [_thread_blocked, id=1752, stack(0x0000000018e70000,0x0000000018f70000)]
  0x00000000179da800 JavaThread "Finalizer" daemon [_thread_blocked, id=4024, stack(0x0000000018c50000,0x0000000018d50000)]
  0x0000000002e10800 JavaThread "Reference Handler" daemon [_thread_blocked, id=9376, stack(0x0000000018b50000,0x0000000018c50000)]
=>0x0000000002d1e000 JavaThread "main" [_thread_in_native, id=1060, stack(0x0000000002c00000,0x0000000002d00000)]

Other Threads:
  0x00000000179b8000 VMThread [stack: 0x0000000018a50000,0x0000000018b50000] [id=9900]
  0x00000000193b9000 WatcherThread [stack: 0x00000000199d0000,0x0000000019ad0000] [id=10960]

VM state:not at safepoint (normal execution)

VM Mutex/Monitor currently owned by a thread: None

Heap:
 PSYoungGen      total 38400K, used 14076K [0x00000000d5800000, 0x00000000d8280000, 0x0000000100000000)
  eden space 33280K, 42% used [0x00000000d5800000,0x00000000d65bf158,0x00000000d7880000)
  from space 5120K, 0% used [0x00000000d7d80000,0x00000000d7d80000,0x00000000d8280000)
  to   space 5120K, 0% used [0x00000000d7880000,0x00000000d7880000,0x00000000d7d80000)
 ParOldGen       total 87552K, used 0K [0x0000000080800000, 0x0000000085d80000, 0x00000000d5800000)
  object space 87552K, 0% used [0x0000000080800000,0x0000000080800000,0x0000000085d80000)
 Metaspace       used 8808K, capacity 9067K, committed 9344K, reserved 1058816K
  class space    used 778K, capacity 872K, committed 896K, reserved 1048576K

Card table byte_map: [0x00000000121e0000,0x00000000125e0000] byte_map_base: 0x0000000011ddc000

Marking Bits: (ParMarkBitMap*) 0x000000006db92d00
 Begin Bits: [0x0000000012c90000, 0x0000000014c70000)
 End Bits:   [0x0000000014c70000, 0x0000000016c50000)

Polling page: 0x0000000001310000

CodeCache: size=245760Kb used=2761Kb max_used=2761Kb free=242998Kb
 bounds [0x0000000002e20000, 0x00000000030e0000, 0x0000000011e20000]
 total_blobs=1460 nmethods=626 adapters=748
 compilation: enabled

Compilation events (10 events):
Event: 1.092 Thread 0x00000000179f2800  622       3       java.nio.CharBuffer::arrayOffset (35 bytes)
Event: 1.092 Thread 0x00000000179f2800 nmethod 622 0x00000000030d1510 code [0x00000000030d16a0, 0x00000000030d19b8]
Event: 1.092 Thread 0x00000000179f2800  623       3       java.nio.CharBuffer::charAt (16 bytes)
Event: 1.093 Thread 0x00000000179f2800 nmethod 623 0x00000000030d1b10 code [0x00000000030d1ca0, 0x00000000030d2158]
Event: 1.093 Thread 0x00000000179f2800  624       3       java.nio.Buffer::checkIndex (24 bytes)
Event: 1.093 Thread 0x00000000179f2800 nmethod 624 0x00000000030d2310 code [0x00000000030d2480, 0x00000000030d2708]
Event: 1.093 Thread 0x00000000179f2800  625       3       java.nio.HeapCharBuffer::get (15 bytes)
Event: 1.093 Thread 0x00000000179f2800 nmethod 625 0x00000000030d2810 code [0x00000000030d2980, 0x00000000030d2c30]
Event: 1.093 Thread 0x00000000179f2800  626       3       java.util.regex.Pattern$Dot::isSatisfiedBy (34 bytes)
Event: 1.093 Thread 0x00000000179f2800 nmethod 626 0x00000000030d2dd0 code [0x00000000030d2f40, 0x00000000030d31b0]

GC Heap History (0 events):
No events

Deoptimization events (0 events):
No events

Classes redefined (0 events):
No events

Internal exceptions (10 events):
Event: 0.111 Thread 0x0000000002d1e000 Exception <a 'java/io/FileNotFoundException'> (0x00000000d5860870) thrown at [C:\re\workspace\8-2-build-windows-amd64-cygwin\jdk8u181\11358\hotspot\src\share\vm\prims\jni.cpp, line 709]
Event: 0.181 Thread 0x0000000002d1e000 Exception <a 'java/lang/NoSuchMethodError': java.lang.Object.lambda$static$0(Ljava/lang/String;)Ljava/lang/Boolean;> (0x00000000d59d7aa0) thrown at [C:\re\workspace\8-2-build-windows-amd64-cygwin\jdk8u181\11358\hotspot\src\share\vm\interpreter\linkResolve
Event: 0.199 Thread 0x0000000002d1e000 Exception <a 'java/lang/NoSuchFieldError': method resolution failed> (0x00000000d5a4faf8) thrown at [C:\re\workspace\8-2-build-windows-amd64-cygwin\jdk8u181\11358\hotspot\src\share\vm\prims\methodHandles.cpp, line 1167]
Event: 0.201 Thread 0x0000000002d1e000 Exception <a 'java/lang/NoSuchFieldError': method resolution failed> (0x00000000d5a5ce48) thrown at [C:\re\workspace\8-2-build-windows-amd64-cygwin\jdk8u181\11358\hotspot\src\share\vm\prims\methodHandles.cpp, line 1167]
Event: 0.226 Thread 0x0000000002d1e000 Exception <a 'java/security/PrivilegedActionException'> (0x00000000d5aecef8) thrown at [C:\re\workspace\8-2-build-windows-amd64-cygwin\jdk8u181\11358\hotspot\src\share\vm\prims\jvm.cpp, line 1435]
Event: 0.226 Thread 0x0000000002d1e000 Exception <a 'java/security/PrivilegedActionException'> (0x00000000d5aed108) thrown at [C:\re\workspace\8-2-build-windows-amd64-cygwin\jdk8u181\11358\hotspot\src\share\vm\prims\jvm.cpp, line 1435]
Event: 0.227 Thread 0x0000000002d1e000 Exception <a 'java/security/PrivilegedActionException'> (0x00000000d5af0d78) thrown at [C:\re\workspace\8-2-build-windows-amd64-cygwin\jdk8u181\11358\hotspot\src\share\vm\prims\jvm.cpp, line 1435]
Event: 0.227 Thread 0x0000000002d1e000 Exception <a 'java/security/PrivilegedActionException'> (0x00000000d5af0f88) thrown at [C:\re\workspace\8-2-build-windows-amd64-cygwin\jdk8u181\11358\hotspot\src\share\vm\prims\jvm.cpp, line 1435]
Event: 0.747 Thread 0x0000000002d1e000 Exception <a 'sun/nio/fs/WindowsException'> (0x00000000d5def330) thrown at [C:\re\workspace\8-2-build-windows-amd64-cygwin\jdk8u181\11358\hotspot\src\share\vm\prims\jni.cpp, line 709]
Event: 0.747 Thread 0x0000000002d1e000 Exception <a 'sun/nio/fs/WindowsException'> (0x00000000d5defb70) thrown at [C:\re\workspace\8-2-build-windows-amd64-cygwin\jdk8u181\11358\hotspot\src\share\vm\prims\jni.cpp, line 709]

Events (10 events):
Event: 1.089 loading class java/math/RoundingMode
Event: 1.089 loading class java/math/RoundingMode done
Event: 1.091 loading class org/lwjgl/system/APIUtil$Encoder
Event: 1.091 loading class org/lwjgl/system/APIUtil$Encoder done
Event: 1.091 loading class org/lwjgl/system/APIUtil$Encoder
Event: 1.091 loading class org/lwjgl/system/APIUtil$Encoder done
Event: 1.094 loading class math/Matrix4f
Event: 1.094 loading class math/Matrix4f done
Event: 1.095 loading class java/nio/HeapFloatBuffer
Event: 1.095 loading class java/nio/HeapFloatBuffer done


Dynamic libraries:
0x00007ff65ef40000 - 0x00007ff65ef77000 	C:\Program Files\Java\jre1.8.0_181\bin\javaw.exe
0x00007fffb30a0000 - 0x00007fffb3281000 	C:\WINDOWS\SYSTEM32\ntdll.dll
0x00007fffb2dc0000 - 0x00007fffb2e72000 	C:\WINDOWS\System32\KERNEL32.DLL
0x00007fffb0290000 - 0x00007fffb0503000 	C:\WINDOWS\System32\KERNELBASE.dll
0x00007fffb0b10000 - 0x00007fffb0bb1000 	C:\WINDOWS\System32\ADVAPI32.dll
0x00007fffb0e50000 - 0x00007fffb0eee000 	C:\WINDOWS\System32\msvcrt.dll
0x00007fffb0ef0000 - 0x00007fffb0f4b000 	C:\WINDOWS\System32\sechost.dll
0x00007fffb2e80000 - 0x00007fffb2fa4000 	C:\WINDOWS\System32\RPCRT4.dll
0x00007fffb1250000 - 0x00007fffb13e0000 	C:\WINDOWS\System32\USER32.dll
0x00007fffb0510000 - 0x00007fffb0530000 	C:\WINDOWS\System32\win32u.dll
0x00007fffb2fd0000 - 0x00007fffb2ff8000 	C:\WINDOWS\System32\GDI32.dll
0x00007fffb00a0000 - 0x00007fffb0232000 	C:\WINDOWS\System32\gdi32full.dll
0x00007fffafb80000 - 0x00007fffafc1f000 	C:\WINDOWS\System32\msvcp_win.dll
0x00007fffaff20000 - 0x00007fffb001a000 	C:\WINDOWS\System32\ucrtbase.dll
0x00007fffa1230000 - 0x00007fffa1499000 	C:\WINDOWS\WinSxS\amd64_microsoft.windows.common-controls_6595b64144ccf1df_6.0.17134.167_none_fb4496d930639c5a\COMCTL32.dll
0x00007fffb07e0000 - 0x00007fffb0b03000 	C:\WINDOWS\System32\combase.dll
0x00007fffb0020000 - 0x00007fffb009a000 	C:\WINDOWS\System32\bcryptPrimitives.dll
0x00007fffb0f50000 - 0x00007fffb0f7d000 	C:\WINDOWS\System32\IMM32.DLL
0x000000006d060000 - 0x000000006d132000 	C:\Program Files\Java\jre1.8.0_181\bin\msvcr100.dll
0x000000006d370000 - 0x000000006dc12000 	C:\Program Files\Java\jre1.8.0_181\bin\server\jvm.dll
0x00007fffb2fb0000 - 0x00007fffb2fb8000 	C:\WINDOWS\System32\PSAPI.DLL
0x00007fffaa340000 - 0x00007fffaa349000 	C:\WINDOWS\SYSTEM32\WSOCK32.dll
0x00007fffb3000000 - 0x00007fffb306c000 	C:\WINDOWS\System32\WS2_32.dll
0x00007fffad520000 - 0x00007fffad543000 	C:\WINDOWS\SYSTEM32\WINMM.dll
0x00007fffaa3e0000 - 0x00007fffaa3ea000 	C:\WINDOWS\SYSTEM32\VERSION.dll
0x00007fffad0d0000 - 0x00007fffad0fa000 	C:\WINDOWS\SYSTEM32\WINMMBASE.dll
0x00007fffb0240000 - 0x00007fffb0289000 	C:\WINDOWS\System32\cfgmgr32.dll
0x000000006d280000 - 0x000000006d28f000 	C:\Program Files\Java\jre1.8.0_181\bin\verify.dll
0x000000006d250000 - 0x000000006d279000 	C:\Program Files\Java\jre1.8.0_181\bin\java.dll
0x000000006d230000 - 0x000000006d246000 	C:\Program Files\Java\jre1.8.0_181\bin\zip.dll
0x00007fffb1480000 - 0x00007fffb28c0000 	C:\WINDOWS\System32\SHELL32.dll
0x00007fffb2d10000 - 0x00007fffb2db9000 	C:\WINDOWS\System32\shcore.dll
0x00007fffaf470000 - 0x00007fffafb7d000 	C:\WINDOWS\System32\windows.storage.dll
0x00007fffb11f0000 - 0x00007fffb1241000 	C:\WINDOWS\System32\shlwapi.dll
0x00007fffaf3b0000 - 0x00007fffaf3c1000 	C:\WINDOWS\System32\kernel.appcore.dll
0x00007fffaf450000 - 0x00007fffaf46f000 	C:\WINDOWS\System32\profapi.dll
0x00007fffaf3f0000 - 0x00007fffaf43c000 	C:\WINDOWS\System32\powrprof.dll
0x00007fffaf440000 - 0x00007fffaf44a000 	C:\WINDOWS\System32\FLTLIB.DLL
0x000000006d210000 - 0x000000006d22a000 	C:\Program Files\Java\jre1.8.0_181\bin\net.dll
0x00007fffaec30000 - 0x00007fffaec96000 	C:\WINDOWS\system32\mswsock.dll
0x000000006d1f0000 - 0x000000006d201000 	C:\Program Files\Java\jre1.8.0_181\bin\nio.dll
0x00007fff9d7a0000 - 0x00007fff9d801000 	C:\Users\Awantxuflai\AppData\Local\Temp\lwjglAwantxuflai\3.2.0-build-12\lwjgl.dll
0x00007fff9d740000 - 0x00007fff9d79c000 	C:\Users\AWANTX~1\AppData\Local\Temp\lwjglAwantxuflai\3.2.0-build-12\glfw.dll
0x00007fffad8b0000 - 0x00007fffad948000 	C:\WINDOWS\system32\uxtheme.dll
0x00007fff9d5c0000 - 0x00007fff9d603000 	C:\WINDOWS\SYSTEM32\dinput8.dll
0x00007fffa3ee0000 - 0x00007fffa3ef0000 	C:\WINDOWS\SYSTEM32\xinput1_4.dll
0x00007fffaf1c0000 - 0x00007fffaf1e7000 	C:\WINDOWS\SYSTEM32\DEVOBJ.dll
0x00007fffadb40000 - 0x00007fffadb69000 	C:\WINDOWS\SYSTEM32\dwmapi.dll
0x00007fffa3bd0000 - 0x00007fffa3c49000 	C:\WINDOWS\SYSTEM32\inputhost.dll
0x00007fffab4c0000 - 0x00007fffab60d000 	C:\WINDOWS\SYSTEM32\wintypes.dll
0x00007fffad440000 - 0x00007fffad51a000 	C:\WINDOWS\SYSTEM32\CoreMessaging.dll
0x00007fffaa7e0000 - 0x00007fffaaafe000 	C:\WINDOWS\SYSTEM32\CoreUIComponents.dll
0x00007fffae4a0000 - 0x00007fffae4d1000 	C:\WINDOWS\SYSTEM32\ntmarta.dll
0x00007fffb0f80000 - 0x00007fffb10f5000 	C:\WINDOWS\System32\MSCTF.dll
0x00007fffb0c20000 - 0x00007fffb0ce2000 	C:\WINDOWS\System32\OLEAUT32.dll
0x00007fffae0e0000 - 0x00007fffae0ec000 	C:\WINDOWS\SYSTEM32\HID.DLL
0x00007fffb28c0000 - 0x00007fffb2d0b000 	C:\WINDOWS\System32\SETUPAPI.DLL
0x00007fffafe10000 - 0x00007fffafe67000 	C:\WINDOWS\System32\WINTRUST.dll
0x00007fffaf3d0000 - 0x00007fffaf3e2000 	C:\WINDOWS\System32\MSASN1.dll
0x00007fffafc20000 - 0x00007fffafe02000 	C:\WINDOWS\System32\CRYPT32.dll
0x00007fff912d0000 - 0x00007fff913f0000 	C:\WINDOWS\SYSTEM32\opengl32.dll
0x00007fffa7340000 - 0x00007fffa736c000 	C:\WINDOWS\SYSTEM32\GLU32.dll
0x00007fffa7310000 - 0x00007fffa7335000 	C:\WINDOWS\System32\DriverStore\FileRepository\c0331246.inf_amd64_7dbd15b8c381571a\B330925\atig6pxx.dll
0x000000006ece0000 - 0x0000000071163000 	C:\WINDOWS\System32\DriverStore\FileRepository\c0331246.inf_amd64_7dbd15b8c381571a\B330925\atio6axx.dll
0x00007fffb0cf0000 - 0x00007fffb0e41000 	C:\WINDOWS\System32\ole32.dll
0x00007fff924c0000 - 0x00007fff924e2000 	C:\WINDOWS\SYSTEM32\dxva2.dll
0x00007fffa2f60000 - 0x00007fffa2f98000 	C:\WINDOWS\System32\DriverStore\FileRepository\c0331246.inf_amd64_7dbd15b8c381571a\B330925\atig6txx.dll
0x00007fff90f70000 - 0x00007fff910e7000 	C:\WINDOWS\SYSTEM32\atiadlxx.dll
0x00007fffabe80000 - 0x00007fffac034000 	C:\WINDOWS\SYSTEM32\PROPSYS.dll
0x00007fffa3410000 - 0x00007fffa34a8000 	C:\WINDOWS\System32\TextInputFramework.dll
0x00007fff887a0000 - 0x00007fff887f9000 	C:\Users\Awantxuflai\AppData\Local\Temp\lwjglAwantxuflai\3.2.0-build-12\lwjgl_opengl.dll
0x00007fff99e30000 - 0x00007fff99ff9000 	C:\WINDOWS\SYSTEM32\dbghelp.dll

VM Arguments:
jvm_args: -Dfile.encoding=Cp1252 
java_command: render.Display
java_class_path (initial): C:\Program Files\Java\jre1.8.0_181\lib\resources.jar;C:\Program Files\Java\jre1.8.0_181\lib\rt.jar;C:\Program Files\Java\jre1.8.0_181\lib\jsse.jar;C:\Program Files\Java\jre1.8.0_181\lib\jce.jar;C:\Program Files\Java\jre1.8.0_181\lib\charsets.jar;C:\Program Files\Java\jre1.8.0_181\lib\jfr.jar;C:\Program Files\Java\jre1.8.0_181\lib\ext\access-bridge-64.jar;C:\Program Files\Java\jre1.8.0_181\lib\ext\cldrdata.jar;C:\Program Files\Java\jre1.8.0_181\lib\ext\dnsns.jar;C:\Program Files\Java\jre1.8.0_181\lib\ext\jaccess.jar;C:\Program Files\Java\jre1.8.0_181\lib\ext\jfxrt.jar;C:\Program Files\Java\jre1.8.0_181\lib\ext\localedata.jar;C:\Program Files\Java\jre1.8.0_181\lib\ext\nashorn.jar;C:\Program Files\Java\jre1.8.0_181\lib\ext\sunec.jar;C:\Program Files\Java\jre1.8.0_181\lib\ext\sunjce_provider.jar;C:\Program Files\Java\jre1.8.0_181\lib\ext\sunmscapi.jar;C:\Program Files\Java\jre1.8.0_181\lib\ext\sunpkcs11.jar;C:\Program Files\Java\jre1.8.0_181\lib\ext\zipfs.jar;D:\Projects\Code\workspace\git\Odzengine\Odzengine\bin;D:\Projects\Code\workspace\lwjgl3\lwjgl\lwjgl.jar;D:\Projects\Code\workspace\lwjgl3\lwjgl-opengl\lwjgl-opengl.jar;D:\Projects\Code\workspace\lwjgl3\lwjgl-glfw\lwjgl-glfw.jar;D:\Projects\Code\workspace\lwjgl3\lwjgl-glfw\lwjgl-glfw-natives-windows.jar;D:\Projects\Code\workspace\lwjgl3\lwjgl-opengl\lwjgl-opengl-natives-windows.jar;D:\Projects\Code\workspace\lwjgl3\lwjgl\lwjgl-natives-windows.jar
Launcher Type: SUN_STANDARD

Environment Variables:
PATH=C:/Program Files/Java/jre1.8.0_181/bin/server;C:/Program Files/Java/jre1.8.0_181/bin;C:/Program Files/Java/jre1.8.0_181/lib/amd64;C:\Program Files (x86)\Common Files\Oracle\Java\javapath;C:\WINDOWS\system32;C:\WINDOWS;C:\WINDOWS\System32\Wbem;C:\WINDOWS\System32\WindowsPowerShell\v1.0\;C:\WINDOWS\System32\OpenSSH\;C:\Users\Awantxuflai\AppData\Local\Microsoft\WindowsApps;;C:\Users\Awantxuflai\Desktop\eclipse;
USERNAME=Awantxuflai
OS=Windows_NT
PROCESSOR_IDENTIFIER=AMD64 Family 21 Model 1 Stepping 2, AuthenticAMD



---------------  S Y S T E M  ---------------

OS: Windows 10.0 , 64 bit Build 17134 (10.0.17134.1)

CPU:total 4 (initial active 4) (4 cores per cpu, 1 threads per core) family 21 model 1 stepping 2, cmov, cx8, fxsr, mmx, sse, sse2, sse3, ssse3, sse4.1, sse4.2, popcnt, avx, aes, clmul, mmxext, 3dnowpref, lzcnt, sse4a, tsc, tscinvbit, tscinv

Memory: 4k page, physical 8354480k(4502284k free), swap 9665200k(3738140k free)

vm_info: Java HotSpot(TM) 64-Bit Server VM (25.181-b13) for windows-amd64 JRE (1.8.0_181-b13), built on Jul  7 2018 04:01:33 by "java_re" with MS VC++ 10.0 (VS2010)

time: Wed Aug 01 00:35:37 2018
elapsed time: 1 seconds (0d 0h 0m 1s)

